{"meta": {"format": 2, "version": "7.4.2", "timestamp": "2024-02-22T20:45:33.847247", "branch_coverage": false, "show_contexts": false}, "files": {"matorral/authentication/__init__.py": {"executed_lines": [1], "summary": {"covered_lines": 0, "num_statements": 0, "percent_covered": 100.0, "percent_covered_display": "100", "missing_lines": 0, "excluded_lines": 0}, "missing_lines": [], "excluded_lines": []}, "matorral/authentication/models.py": {"executed_lines": [1, 2, 3, 4, 7, 8], "summary": {"covered_lines": 6, "num_statements": 8, "percent_covered": 75.0, "percent_covered_display": "75", "missing_lines": 2, "excluded_lines": 0}, "missing_lines": [9, 10], "excluded_lines": []}, "matorral/health_checks/__init__.py": {"executed_lines": [1], "summary": {"covered_lines": 0, "num_statements": 0, "percent_covered": 100.0, "percent_covered_display": "100", "missing_lines": 0, "excluded_lines": 0}, "missing_lines": [], "excluded_lines": []}, "matorral/health_checks/urls.py": {"executed_lines": [1, 3, 5], "summary": {"covered_lines": 3, "num_statements": 3, "percent_covered": 100.0, "percent_covered_display": "100", "missing_lines": 0, "excluded_lines": 0}, "missing_lines": [], "excluded_lines": []}, "matorral/health_checks/views.py": {"executed_lines": [1, 2, 3, 6, 10], "summary": {"covered_lines": 5, "num_statements": 11, "percent_covered": 45.45454545454545, "percent_covered_display": "45", "missing_lines": 6, "excluded_lines": 0}, "missing_lines": [7, 11, 12, 13, 14, 15], "excluded_lines": []}, "matorral/models.py": {"executed_lines": [1, 2, 5, 6, 7, 9, 10, 12, 13, 14, 16, 20, 21, 22, 24, 25, 27, 28, 29, 31, 32, 33, 34, 36, 39], "summary": {"covered_lines": 25, "num_statements": 42, "percent_covered": 59.523809523809526, "percent_covered_display": "60", "missing_lines": 17, "excluded_lines": 0}, "missing_lines": [17, 37, 40, 41, 43, 45, 48, 49, 50, 53, 54, 55, 57, 58, 60, 62, 63], "excluded_lines": []}, "matorral/sprints/__init__.py": {"executed_lines": [1], "summary": {"covered_lines": 0, "num_statements": 0, "percent_covered": 100.0, "percent_covered_display": "100", "missing_lines": 0, "excluded_lines": 0}, "missing_lines": [], "excluded_lines": []}, "matorral/sprints/admin.py": {"executed_lines": [1, 3, 5, 7, 10, 11, 12, 13, 14, 19], "summary": {"covered_lines": 10, "num_statements": 10, "percent_covered": 100.0, "percent_covered_display": "100", "missing_lines": 0, "excluded_lines": 0}, "missing_lines": [], "excluded_lines": []}, "matorral/sprints/apps.py": {"executed_lines": [1, 4, 5], "summary": {"covered_lines": 3, "num_statements": 3, "percent_covered": 100.0, "percent_covered_display": "100", "missing_lines": 0, "excluded_lines": 0}, "missing_lines": [], "excluded_lines": []}, "matorral/sprints/forms.py": {"executed_lines": [1, 4, 5, 13], "summary": {"covered_lines": 4, "num_statements": 4, "percent_covered": 100.0, "percent_covered_display": "100", "missing_lines": 0, "excluded_lines": 0}, "missing_lines": [], "excluded_lines": []}, "matorral/sprints/models.py": {"executed_lines": [1, 3, 4, 5, 7, 9, 12, 13, 16, 17, 18, 20, 26, 27, 28, 29, 36, 37, 39, 41, 43, 44, 46, 48, 51, 54, 57, 60], "summary": {"covered_lines": 27, "num_statements": 35, "percent_covered": 77.14285714285714, "percent_covered_display": "77", "missing_lines": 8, "excluded_lines": 0}, "missing_lines": [49, 52, 55, 58, 61, 62, 63, 64], "excluded_lines": []}, "matorral/sprints/tasks.py": {"executed_lines": [1, 3, 5, 8, 9, 16, 17, 27, 28, 32, 33, 46, 47], "summary": {"covered_lines": 13, "num_statements": 32, "percent_covered": 40.625, "percent_covered_display": "41", "missing_lines": 19, "excluded_lines": 0}, "missing_lines": [11, 13, 18, 19, 20, 21, 22, 24, 29, 34, 38, 40, 42, 43, 48, 49, 50, 51, 53], "excluded_lines": []}, "matorral/sprints/urls.py": {"executed_lines": [1, 3, 5, 7], "summary": {"covered_lines": 4, "num_statements": 4, "percent_covered": 100.0, "percent_covered_display": "100", "missing_lines": 0, "excluded_lines": 0}, "missing_lines": [], "excluded_lines": []}, "matorral/sprints/views.py": {"executed_lines": [1, 3, 5, 6, 7, 8, 9, 10, 11, 13, 14, 16, 17, 18, 19, 22, 23, 25, 27, 50, 59, 92, 93, 95, 96, 97, 99, 115, 127, 149, 150, 151, 152, 153, 154, 156, 176, 177, 178, 182, 183, 186, 196, 204, 205, 207, 212, 217, 218, 220], "summary": {"covered_lines": 50, "num_statements": 152, "percent_covered": 32.89473684210526, "percent_covered_display": "33", "missing_lines": 102, "excluded_lines": 0}, "missing_lines": [28, 32, 39, 41, 42, 43, 44, 46, 47, 48, 51, 52, 53, 54, 55, 56, 57, 60, 61, 63, 64, 65, 67, 68, 69, 72, 73, 74, 75, 76, 77, 79, 80, 81, 82, 83, 84, 86, 87, 89, 100, 102, 103, 104, 105, 106, 107, 108, 109, 111, 113, 116, 118, 119, 121, 122, 123, 125, 128, 130, 132, 134, 135, 137, 138, 140, 141, 143, 144, 146, 157, 159, 161, 162, 163, 165, 166, 168, 170, 171, 173, 184, 187, 189, 191, 192, 194, 197, 198, 199, 200, 201, 208, 209, 210, 213, 214, 221, 223, 224, 226, 228], "excluded_lines": []}, "matorral/stories/__init__.py": {"executed_lines": [1], "summary": {"covered_lines": 0, "num_statements": 0, "percent_covered": 100.0, "percent_covered_display": "100", "missing_lines": 0, "excluded_lines": 0}, "missing_lines": [], "excluded_lines": []}, "matorral/stories/admin.py": {"executed_lines": [1, 2, 3, 5, 7, 9, 11, 14, 16, 17, 18, 22, 24, 25, 26, 29, 30, 31, 33, 35, 41, 42, 43, 45, 50, 51, 52, 53, 54, 61, 62, 63, 65, 70, 81, 86, 87, 88, 89, 90, 92, 97, 98, 99, 104, 105, 106, 111, 112, 113, 114, 115], "summary": {"covered_lines": 52, "num_statements": 66, "percent_covered": 78.78787878787878, "percent_covered_display": "79", "missing_lines": 14, "excluded_lines": 0}, "missing_lines": [46, 47, 67, 68, 73, 74, 75, 76, 78, 79, 82, 83, 93, 94], "excluded_lines": []}, "matorral/stories/apps.py": {"executed_lines": [1, 4, 5], "summary": {"covered_lines": 3, "num_statements": 3, "percent_covered": 100.0, "percent_covered_display": "100", "missing_lines": 0, "excluded_lines": 0}, "missing_lines": [], "excluded_lines": []}, "matorral/stories/forms.py": {"executed_lines": [1, 3, 5, 8, 14, 15, 22, 30, 31, 38, 46, 47, 55], "summary": {"covered_lines": 13, "num_statements": 13, "percent_covered": 100.0, "percent_covered_display": "100", "missing_lines": 0, "excluded_lines": 0}, "missing_lines": [], "excluded_lines": []}, "matorral/stories/models.py": {"executed_lines": [1, 3, 4, 5, 6, 7, 9, 11, 13, 16, 17, 18, 19, 21, 22, 23, 25, 31, 32, 33, 35, 39, 40, 43, 44, 47, 48, 51, 52, 53, 54, 58, 59, 61, 62, 64, 66, 68, 70, 72, 75, 81, 90, 103, 104, 106, 107, 108, 109, 113, 114, 116, 117, 118, 119, 121, 123, 124, 126, 128, 130, 132, 135, 141, 154, 155, 193, 194, 201, 202, 209, 210, 212, 214, 217], "summary": {"covered_lines": 72, "num_statements": 138, "percent_covered": 52.17391304347826, "percent_covered_display": "52", "missing_lines": 66, "excluded_lines": 0}, "missing_lines": [36, 73, 76, 77, 79, 82, 83, 84, 85, 87, 88, 92, 93, 94, 96, 97, 98, 100, 133, 136, 137, 139, 142, 143, 144, 145, 147, 148, 150, 151, 156, 157, 159, 160, 162, 163, 164, 165, 169, 170, 173, 175, 176, 178, 179, 180, 181, 182, 186, 187, 190, 195, 196, 197, 198, 203, 204, 205, 206, 215, 218, 219, 220, 222, 223, 225], "excluded_lines": []}, "matorral/stories/tasks.py": {"executed_lines": [1, 3, 6, 7, 17, 18, 30, 31, 35, 36, 45, 46, 56, 57, 61, 62, 66, 67, 79, 80, 97, 98, 112, 113, 122, 123, 134, 135], "summary": {"covered_lines": 28, "num_statements": 100, "percent_covered": 28.0, "percent_covered_display": "28", "missing_lines": 72, "excluded_lines": 0}, "missing_lines": [8, 9, 10, 11, 12, 14, 19, 21, 22, 23, 25, 26, 27, 32, 37, 38, 39, 40, 42, 47, 48, 49, 50, 51, 53, 58, 63, 68, 69, 70, 71, 73, 75, 76, 83, 84, 86, 88, 89, 90, 92, 93, 94, 99, 100, 101, 102, 104, 105, 106, 108, 109, 114, 115, 116, 117, 119, 124, 125, 126, 127, 129, 130, 131, 136, 137, 138, 139, 140, 142, 143, 144], "excluded_lines": []}, "matorral/stories/urls.py": {"executed_lines": [1, 3, 6, 8], "summary": {"covered_lines": 4, "num_statements": 4, "percent_covered": 100.0, "percent_covered_display": "100", "missing_lines": 0, "excluded_lines": 0}, "missing_lines": [], "excluded_lines": []}, "matorral/stories/views.py": {"executed_lines": [1, 3, 4, 5, 6, 7, 8, 9, 10, 12, 13, 15, 17, 18, 19, 23, 26, 27, 29, 31, 52, 61, 100, 101, 102, 110, 111, 114, 133, 134, 136, 153, 158, 171, 172, 174, 184, 195, 196, 197, 203, 204, 207, 215, 216, 218, 221, 226, 239, 240, 242, 252, 263, 264, 265, 267, 273, 274, 276, 282, 314, 315, 316, 318, 326, 327, 329, 358, 399, 400, 402, 404, 409], "summary": {"covered_lines": 73, "num_statements": 271, "percent_covered": 26.937269372693727, "percent_covered_display": "27", "missing_lines": 198, "excluded_lines": 0}, "missing_lines": [32, 34, 41, 43, 44, 45, 46, 48, 49, 50, 53, 54, 55, 56, 57, 58, 59, 62, 64, 65, 67, 69, 70, 72, 74, 75, 76, 78, 79, 80, 81, 82, 83, 85, 86, 87, 88, 89, 90, 92, 94, 95, 97, 112, 115, 116, 118, 119, 120, 121, 122, 123, 124, 125, 127, 128, 130, 137, 139, 140, 141, 143, 145, 147, 148, 149, 151, 154, 155, 156, 159, 161, 163, 165, 166, 168, 175, 177, 178, 180, 182, 185, 187, 189, 190, 192, 205, 208, 209, 210, 211, 212, 219, 222, 223, 224, 227, 229, 231, 233, 234, 236, 243, 245, 246, 248, 250, 253, 255, 257, 258, 260, 277, 278, 279, 280, 283, 285, 287, 288, 289, 291, 292, 294, 295, 296, 297, 298, 300, 301, 302, 303, 304, 306, 308, 309, 311, 330, 331, 333, 334, 336, 337, 338, 339, 340, 342, 343, 345, 346, 347, 348, 349, 351, 352, 354, 356, 359, 361, 363, 364, 365, 367, 368, 371, 372, 373, 375, 376, 377, 379, 380, 381, 382, 383, 385, 386, 387, 388, 389, 391, 393, 394, 396, 405, 406, 407, 410, 412, 413, 415, 417, 418, 420, 422, 424, 425, 427], "excluded_lines": []}, "matorral/taskapp/__init__.py": {"executed_lines": [1], "summary": {"covered_lines": 0, "num_statements": 0, "percent_covered": 100.0, "percent_covered_display": "100", "missing_lines": 0, "excluded_lines": 0}, "missing_lines": [], "excluded_lines": []}, "matorral/taskapp/celery.py": {"executed_lines": [2, 3, 5, 7, 9, 10, 13, 14, 16, 21, 24, 25, 26, 28, 31, 32, 35, 36], "summary": {"covered_lines": 18, "num_statements": 18, "percent_covered": 100.0, "percent_covered_display": "100", "missing_lines": 0, "excluded_lines": 2}, "missing_lines": [], "excluded_lines": [18, 37]}, "matorral/users/__init__.py": {"executed_lines": [1], "summary": {"covered_lines": 0, "num_statements": 0, "percent_covered": 100.0, "percent_covered_display": "100", "missing_lines": 0, "excluded_lines": 0}, "missing_lines": [], "excluded_lines": []}, "matorral/users/admin.py": {"executed_lines": [2, 4, 5, 6, 7, 9, 12, 13, 14, 17, 19, 23, 24, 26, 35, 36, 37, 38], "summary": {"covered_lines": 18, "num_statements": 24, "percent_covered": 75.0, "percent_covered_display": "75", "missing_lines": 6, "excluded_lines": 0}, "missing_lines": [27, 28, 29, 30, 31, 32], "excluded_lines": []}, "matorral/users/models.py": {"executed_lines": [2, 4, 5, 6, 7, 10, 14, 16, 19], "summary": {"covered_lines": 9, "num_statements": 11, "percent_covered": 81.81818181818181, "percent_covered_display": "82", "missing_lines": 2, "excluded_lines": 0}, "missing_lines": [17, 20], "excluded_lines": []}, "matorral/users/urls.py": {"executed_lines": [2, 4, 6, 7], "summary": {"covered_lines": 4, "num_statements": 4, "percent_covered": 100.0, "percent_covered_display": "100", "missing_lines": 0, "excluded_lines": 0}, "missing_lines": [], "excluded_lines": []}, "matorral/users/views.py": {"executed_lines": [2, 4, 5, 7, 9, 12, 13, 15, 16, 19, 20, 22, 27, 29, 32, 35, 39, 44, 45, 47, 48], "summary": {"covered_lines": 21, "num_statements": 24, "percent_covered": 87.5, "percent_covered_display": "88", "missing_lines": 3, "excluded_lines": 0}, "missing_lines": [23, 36, 41], "excluded_lines": []}, "matorral/utils.py": {"executed_lines": [1, 3, 6], "summary": {"covered_lines": 3, "num_statements": 18, "percent_covered": 16.666666666666668, "percent_covered_display": "17", "missing_lines": 15, "excluded_lines": 0}, "missing_lines": [7, 8, 9, 11, 13, 14, 16, 17, 18, 20, 21, 22, 23, 24, 26], "excluded_lines": []}, "matorral/workspaces/__init__.py": {"executed_lines": [1], "summary": {"covered_lines": 0, "num_statements": 0, "percent_covered": 100.0, "percent_covered_display": "100", "missing_lines": 0, "excluded_lines": 0}, "missing_lines": [], "excluded_lines": []}, "matorral/workspaces/admin.py": {"executed_lines": [1, 3, 6, 7, 8, 9, 12], "summary": {"covered_lines": 7, "num_statements": 7, "percent_covered": 100.0, "percent_covered_display": "100", "missing_lines": 0, "excluded_lines": 0}, "missing_lines": [], "excluded_lines": []}, "matorral/workspaces/apps.py": {"executed_lines": [1, 4, 5], "summary": {"covered_lines": 3, "num_statements": 3, "percent_covered": 100.0, "percent_covered_display": "100", "missing_lines": 0, "excluded_lines": 0}, "missing_lines": [], "excluded_lines": []}, "matorral/workspaces/middlewares.py": {"executed_lines": [1, 3, 6, 7, 10, 21], "summary": {"covered_lines": 6, "num_statements": 20, "percent_covered": 30.0, "percent_covered_display": "30", "missing_lines": 14, "excluded_lines": 0}, "missing_lines": [8, 14, 19, 22, 23, 24, 25, 27, 29, 30, 31, 32, 33, 35], "excluded_lines": []}, "matorral/workspaces/models.py": {"executed_lines": [1, 3, 4, 5, 8, 9, 12, 14, 15, 17, 18, 20, 21, 23, 24, 25, 26, 27, 28, 30, 33], "summary": {"covered_lines": 20, "num_statements": 26, "percent_covered": 76.92307692307692, "percent_covered_display": "77", "missing_lines": 6, "excluded_lines": 0}, "missing_lines": [31, 34, 35, 36, 37, 38], "excluded_lines": []}, "matorral/workspaces/tasks.py": {"executed_lines": [1, 3, 5, 8, 9, 19, 20], "summary": {"covered_lines": 7, "num_statements": 14, "percent_covered": 50.0, "percent_covered_display": "50", "missing_lines": 7, "excluded_lines": 0}, "missing_lines": [10, 11, 12, 13, 14, 16, 21], "excluded_lines": []}, "matorral/workspaces/urls.py": {"executed_lines": [1, 3, 5, 7], "summary": {"covered_lines": 4, "num_statements": 4, "percent_covered": 100.0, "percent_covered_display": "100", "missing_lines": 0, "excluded_lines": 0}, "missing_lines": [], "excluded_lines": []}, "matorral/workspaces/views.py": {"executed_lines": [1, 3, 4, 5, 6, 7, 8, 9, 10, 12, 13, 14, 17, 18, 20, 22, 25, 31, 45, 46, 48, 49, 50, 52, 68, 80, 101, 102, 103, 105, 109, 110, 112, 115, 135, 136, 137, 141, 142, 146, 156, 165, 166, 168, 173, 179, 180, 182], "summary": {"covered_lines": 48, "num_statements": 126, "percent_covered": 38.095238095238095, "percent_covered_display": "38", "missing_lines": 78, "excluded_lines": 0}, "missing_lines": [23, 26, 27, 28, 29, 32, 33, 35, 36, 37, 39, 40, 42, 53, 55, 56, 57, 58, 59, 60, 61, 62, 64, 66, 69, 71, 72, 74, 75, 76, 78, 81, 83, 85, 87, 88, 90, 92, 93, 95, 96, 98, 113, 116, 118, 120, 121, 122, 124, 125, 127, 129, 130, 132, 143, 144, 147, 149, 151, 152, 154, 157, 158, 159, 160, 161, 162, 169, 170, 171, 174, 175, 176, 183, 185, 186, 188, 190], "excluded_lines": []}}, "totals": {"covered_lines": 563, "num_statements": 1198, "percent_covered": 46.99499165275459, "percent_covered_display": "47", "missing_lines": 635, "excluded_lines": 2}}